2026-02-23 16:55:26,969 | INFO | Request: {'symbol': 'BTCUSDT', 'side': 'BUY', 'type': 'MARKET', 'quantity': 0.001, 'timestamp': 1771845925822, 'signature': 'd83eef9213eaa7321936b23907dffe517a83b82efd48838d35e878c44562563b'}
2026-02-23 16:55:26,969 | INFO | Response: {"code":-4164,"msg":"Order's notional must be no smaller than 100 (unless you choose reduce only)."}
2026-02-23 16:55:26,969 | ERROR | API Error: 400 Client Error: Bad Request for url: https://testnet.binancefuture.com/fapi/v1/order?symbol=BTCUSDT&side=BUY&type=MARKET&quantity=0.001&timestamp=1771845925822&signature=d83eef9213eaa7321936b23907dffe517a83b82efd48838d35e878c44562563b
2026-02-23 16:58:05,579 | INFO | Request: {'symbol': 'BTCUSDT', 'side': 'BUY', 'type': 'MARKET', 'quantity': 0.001, 'timestamp': 1771846084469, 'signature': '123e7b284cc1a1066cf0740b80e9d3ded5e6cb971e3c0f5a90080f34bfd3021e'}
2026-02-23 16:58:05,581 | INFO | Response: {"code":-4164,"msg":"Order's notional must be no smaller than 100 (unless you choose reduce only)."}
2026-02-23 16:58:05,582 | ERROR | API Error: 400 Client Error: Bad Request for url: https://testnet.binancefuture.com/fapi/v1/order?symbol=BTCUSDT&side=BUY&type=MARKET&quantity=0.001&timestamp=1771846084469&signature=123e7b284cc1a1066cf0740b80e9d3ded5e6cb971e3c0f5a90080f34bfd3021e
2026-02-23 16:59:39,177 | INFO | Request: {'symbol': 'BTCUSDT', 'side': 'BUY', 'type': 'MARKET', 'quantity': 0.001, 'timestamp': 1771846178166, 'signature': '0107773c682be2f0f483816512ed4335a79e7c722096b632efb0acd0ef5bb33c'}
2026-02-23 16:59:39,178 | INFO | Response: {"code":-4164,"msg":"Order's notional must be no smaller than 100 (unless you choose reduce only)."}
2026-02-23 16:59:39,178 | ERROR | API Error: 400 Client Error: Bad Request for url: https://testnet.binancefuture.com/fapi/v1/order?symbol=BTCUSDT&side=BUY&type=MARKET&quantity=0.001&timestamp=1771846178166&signature=0107773c682be2f0f483816512ed4335a79e7c722096b632efb0acd0ef5bb33c
2026-02-23 17:06:04,629 | INFO | Request: {'symbol': 'BTCUSDT', 'side': 'BUY', 'type': 'MARKET', 'quantity': 0.001, 'timestamp': 1771846563441, 'signature': 'f2a6e04eb936d5fd02bd0f6312d529b223a5ac83cc3b5b0084ed2ab3764f8650'}
2026-02-23 17:06:04,630 | INFO | Response: {"code":-4164,"msg":"Order's notional must be no smaller than 100 (unless you choose reduce only)."}
2026-02-23 17:06:04,630 | ERROR | API Error: 400 Client Error: Bad Request for url: https://testnet.binancefuture.com/fapi/v1/order?symbol=BTCUSDT&side=BUY&type=MARKET&quantity=0.001&timestamp=1771846563441&signature=f2a6e04eb936d5fd02bd0f6312d529b223a5ac83cc3b5b0084ed2ab3764f8650
2026-02-23 17:07:13,564 | INFO | Request: {'symbol': 'BTCUSDT', 'side': 'BUY', 'type': 'MARKET', 'quantity': 0.001, 'timestamp': 1771846632516, 'signature': '80ec78e52ef4cdb980c6cc857bb8678d8c575703bb166a224622d42c98b508a9'}
2026-02-23 17:07:13,564 | INFO | Response: {"code":-4164,"msg":"Order's notional must be no smaller than 100 (unless you choose reduce only)."}
2026-02-23 17:07:13,564 | ERROR | API Error: 400 Client Error: Bad Request for url: https://testnet.binancefuture.com/fapi/v1/order?symbol=BTCUSDT&side=BUY&type=MARKET&quantity=0.001&timestamp=1771846632516&signature=80ec78e52ef4cdb980c6cc857bb8678d8c575703bb166a224622d42c98b508a9
2026-02-23 17:09:00,898 | INFO | Request: {'symbol': 'BTCUSDT', 'side': 'BUY', 'type': 'MARKET', 'quantity': 0.001, 'timestamp': 1771846739673, 'signature': '3e8b6844610738a805dc7cb1ae7c1bed443063d3f3359577fd452c7252a3a54e'}
2026-02-23 17:09:00,898 | INFO | Response: {"code":-4164,"msg":"Order's notional must be no smaller than 100 (unless you choose reduce only)."}
2026-02-23 17:09:00,899 | ERROR | API Error: 400 Client Error: Bad Request for url: https://testnet.binancefuture.com/fapi/v1/order?symbol=BTCUSDT&side=BUY&type=MARKET&quantity=0.001&timestamp=1771846739673&signature=3e8b6844610738a805dc7cb1ae7c1bed443063d3f3359577fd452c7252a3a54e
2026-02-23 17:10:20,295 | INFO | Request: {'symbol': 'BTCUSDT', 'side': 'BUY', 'type': 'MARKET', 'quantity': 0.001, 'timestamp': 1771846818983, 'recvWindow': 5000, 'signature': '0be73a34bc20f67645fddf1ce1bce6bf35aaf4e7cb987407e6480df0147a48f1'}
2026-02-23 17:10:20,296 | INFO | Response: {"code":-4164,"msg":"Order's notional must be no smaller than 100 (unless you choose reduce only)."}
2026-02-23 17:10:20,296 | ERROR | API Error: 400 Client Error: Bad Request for url: https://testnet.binancefuture.com/fapi/v1/order?symbol=BTCUSDT&side=BUY&type=MARKET&quantity=0.001&timestamp=1771846818983&recvWindow=5000&signature=0be73a34bc20f67645fddf1ce1bce6bf35aaf4e7cb987407e6480df0147a48f1
2026-02-23 17:11:01,247 | INFO | Request: {'symbol': 'BTCUSDT', 'side': 'BUY', 'type': 'MARKET', 'quantity': 0.002, 'timestamp': 1771846860046, 'recvWindow': 5000, 'signature': '287ca30efbca0ccc0fb2904b756db2c39ea4f8fd815fb9946242ecdce5b73e92'}
2026-02-23 17:11:01,248 | INFO | Response: {"orderId":12490906301,"symbol":"BTCUSDT","status":"NEW","clientOrderId":"B75FRSA6sbRKRH1AT45xyg","price":"0.00","avgPrice":"0.00","origQty":"0.002","executedQty":"0.000","cumQty":"0.000","cumQuote":"0.00000","timeInForce":"GTC","type":"MARKET","reduceOnly":false,"closePosition":false,"side":"BUY","positionSide":"BOTH","stopPrice":"0.00","workingType":"CONTRACT_PRICE","priceProtect":false,"origType":"MARKET","priceMatch":"NONE","selfTradePreventionMode":"EXPIRE_MAKER","goodTillDate":0,"updateTime":1771846861179}
2026-02-23 17:11:47,940 | INFO | Request: {'symbol': 'BTCUSDT', 'side': 'SELL', 'type': 'LIMIT', 'quantity': 0.002, 'price': 60000.0, 'timeInForce': 'GTC', 'timestamp': 1771846906784, 'recvWindow': 5000, 'signature': 'b47160e7d15ea8b076841819f9ee6c159a5d4e9d46d4ea8836c0af13da8f00df'}
2026-02-23 17:11:47,940 | INFO | Response: {"code":-4024,"msg":"Limit price can't be lower than 62819.70."}
2026-02-23 17:11:47,941 | ERROR | API Error: 400 Client Error: Bad Request for url: https://testnet.binancefuture.com/fapi/v1/order?symbol=BTCUSDT&side=SELL&type=LIMIT&quantity=0.002&price=60000.0&timeInForce=GTC&timestamp=1771846906784&recvWindow=5000&signature=b47160e7d15ea8b076841819f9ee6c159a5d4e9d46d4ea8836c0af13da8f00df
2026-02-23 17:12:34,743 | INFO | Request: {'symbol': 'BTCUSDT', 'side': 'SELL', 'type': 'LIMIT', 'quantity': 0.002, 'price': 65000.0, 'timeInForce': 'GTC', 'timestamp': 1771846953578, 'recvWindow': 5000, 'signature': 'ed63b97cd95dccbda7a10eba03ba8fc9cede97352e3ff975029c9f0864bcf6c7'}
2026-02-23 17:12:34,744 | INFO | Response: {"orderId":12490937120,"symbol":"BTCUSDT","status":"NEW","clientOrderId":"nCke2wlskI7pVTeFnMYjDd","price":"65000.00","avgPrice":"0.00","origQty":"0.002","executedQty":"0.000","cumQty":"0.000","cumQuote":"0.00000","timeInForce":"GTC","type":"LIMIT","reduceOnly":false,"closePosition":false,"side":"SELL","positionSide":"BOTH","stopPrice":"0.00","workingType":"CONTRACT_PRICE","priceProtect":false,"origType":"LIMIT","priceMatch":"NONE","selfTradePreventionMode":"EXPIRE_MAKER","goodTillDate":0,"updateTime":1771846954689}
2026-02-23 17:13:10,047 | INFO | Request: {'symbol': 'BTCUSDT', 'side': 'SELL', 'type': 'LIMIT', 'quantity': 0.002, 'price': 65000.0, 'timeInForce': 'GTC', 'timestamp': 1771846988724, 'recvWindow': 5000, 'signature': 'f2116c8cb68a0e5451f5c5ccea879eaa8fc9bf61731cf0c7e8de6b965d12991d'}
2026-02-23 17:13:10,047 | INFO | Response: {"orderId":12490951813,"symbol":"BTCUSDT","status":"NEW","clientOrderId":"HNPJdL0e6G0o2iYBumYhhJ","price":"65000.00","avgPrice":"0.00","origQty":"0.002","executedQty":"0.000","cumQty":"0.000","cumQuote":"0.00000","timeInForce":"GTC","type":"LIMIT","reduceOnly":false,"closePosition":false,"side":"SELL","positionSide":"BOTH","stopPrice":"0.00","workingType":"CONTRACT_PRICE","priceProtect":false,"origType":"LIMIT","priceMatch":"NONE","selfTradePreventionMode":"EXPIRE_MAKER","goodTillDate":0,"updateTime":1771846989971}
2026-02-23 17:31:22,285 | INFO | Request: {'symbol': 'BTCUSDT', 'side': 'BUY', 'type': 'MARKET', 'quantity': 0.002, 'timestamp': 1771848081052, 'recvWindow': 5000, 'signature': 'f3209003420e45320a26a8c017410e874269c376570c077d4f32d0973fb02769'}
2026-02-23 17:31:22,285 | INFO | Response: {"orderId":12491300212,"symbol":"BTCUSDT","status":"NEW","clientOrderId":"Szqsj57C2ZHm6ia2NTgAPr","price":"0.00","avgPrice":"0.00","origQty":"0.002","executedQty":"0.000","cumQty":"0.000","cumQuote":"0.00000","timeInForce":"GTC","type":"MARKET","reduceOnly":false,"closePosition":false,"side":"BUY","positionSide":"BOTH","stopPrice":"0.00","workingType":"CONTRACT_PRICE","priceProtect":false,"origType":"MARKET","priceMatch":"NONE","selfTradePreventionMode":"EXPIRE_MAKER","goodTillDate":0,"updateTime":1771848082248}
2026-02-23 17:31:37,081 | INFO | Request: {'symbol': 'BTCUSDT', 'side': 'SELL', 'type': 'MARKET', 'quantity': 0.002, 'timestamp': 1771848095885, 'recvWindow': 5000, 'signature': '8aed591f2ef06172c2de075cf21c27b81ad0e96acb932559f5a803ff74b1c8bc'}
2026-02-23 17:31:37,082 | INFO | Response: {"orderId":12491302783,"symbol":"BTCUSDT","status":"NEW","clientOrderId":"bRNmaUAZdm14ihh91A8gLw","price":"0.00","avgPrice":"0.00","origQty":"0.002","executedQty":"0.000","cumQty":"0.000","cumQuote":"0.00000","timeInForce":"GTC","type":"MARKET","reduceOnly":false,"closePosition":false,"side":"SELL","positionSide":"BOTH","stopPrice":"0.00","workingType":"CONTRACT_PRICE","priceProtect":false,"origType":"MARKET","priceMatch":"NONE","selfTradePreventionMode":"EXPIRE_MAKER","goodTillDate":0,"updateTime":1771848097016}
2026-02-23 17:31:49,359 | INFO | Request: {'symbol': 'BTCUSDT', 'side': 'BUY', 'type': 'LIMIT', 'quantity': 0.002, 'price': 60000.0, 'timeInForce': 'GTC', 'timestamp': 1771848108193, 'recvWindow': 5000, 'signature': 'bfff6b507bb7392a202bb48e9bfb61fbe7fe0f1d1c4a86a29f679537e10e2814'}
2026-02-23 17:31:49,360 | INFO | Response: {"orderId":12491307809,"symbol":"BTCUSDT","status":"NEW","clientOrderId":"HwSCT3hAepmcy9BTOC1em5","price":"60000.00","avgPrice":"0.00","origQty":"0.002","executedQty":"0.000","cumQty":"0.000","cumQuote":"0.00000","timeInForce":"GTC","type":"LIMIT","reduceOnly":false,"closePosition":false,"side":"BUY","positionSide":"BOTH","stopPrice":"0.00","workingType":"CONTRACT_PRICE","priceProtect":false,"origType":"LIMIT","priceMatch":"NONE","selfTradePreventionMode":"EXPIRE_MAKER","goodTillDate":0,"updateTime":1771848109291}
2026-02-23 17:32:01,294 | INFO | Request: {'symbol': 'BTCUSDT', 'side': 'SELL', 'type': 'LIMIT', 'quantity': 0.002, 'price': 65000.0, 'timeInForce': 'GTC', 'timestamp': 1771848119990, 'recvWindow': 5000, 'signature': '7d1cd550bd3fe32318b075a4ed739fac849e3f5ec48f2ce96492945f47d8623b'}
2026-02-23 17:32:01,295 | INFO | Response: {"orderId":12491312372,"symbol":"BTCUSDT","status":"NEW","clientOrderId":"WcRTmFEHlKOQ4bX4Aycj2o","price":"65000.00","avgPrice":"0.00","origQty":"0.002","executedQty":"0.000","cumQty":"0.000","cumQuote":"0.00000","timeInForce":"GTC","type":"LIMIT","reduceOnly":false,"closePosition":false,"side":"SELL","positionSide":"BOTH","stopPrice":"0.00","workingType":"CONTRACT_PRICE","priceProtect":false,"origType":"LIMIT","priceMatch":"NONE","selfTradePreventionMode":"EXPIRE_MAKER","goodTillDate":0,"updateTime":1771848121203}
2026-02-23 17:47:11,918 | INFO | Request: {'symbol': 'BTCUSDT', 'side': 'BUY', 'type': 'STOP', 'quantity': 0.002, 'price': 64000.0, 'stopPrice': 63500.0, 'timeInForce': 'GTC', 'timestamp': 1771849030821, 'recvWindow': 5000, 'signature': 'f6bd41cb01f2966e85a0cdf82d064ec150d961be4b5e4794e2eef6289b80be62'}
2026-02-23 17:47:11,919 | INFO | Response: {"code":-4120,"msg":"Order type not supported for this endpoint. Please use the Algo Order API endpoints instead."}
2026-02-23 17:47:11,919 | ERROR | API Error: 400 Client Error: Bad Request for url: https://testnet.binancefuture.com/fapi/v1/order?symbol=BTCUSDT&side=BUY&type=STOP&quantity=0.002&price=64000.0&stopPrice=63500.0&timeInForce=GTC&timestamp=1771849030821&recvWindow=5000&signature=f6bd41cb01f2966e85a0cdf82d064ec150d961be4b5e4794e2eef6289b80be62
2026-02-23 17:47:22,378 | INFO | Request: {'symbol': 'BTCUSDT', 'side': 'SELL', 'type': 'STOP', 'quantity': 0.002, 'price': 62000.0, 'stopPrice': 62500.0, 'timeInForce': 'GTC', 'timestamp': 1771849041488, 'recvWindow': 5000, 'signature': 'c22945168e5aa5fa702263f2569c865437121b3dfd89995b982b926df54fab90'}
2026-02-23 17:47:22,379 | INFO | Response: {"orderId":12491610519,"symbol":"BTCUSDT","status":"NEW","clientOrderId":"h1NFIjFYT9niUSucE50bVD","price":"62000.00","avgPrice":"0.00","origQty":"0.002","executedQty":"0.000","cumQty":"0.000","cumQuote":"0.00000","timeInForce":"GTC","type":"STOP","reduceOnly":false,"closePosition":false,"side":"SELL","positionSide":"BOTH","stopPrice":"62500.00","workingType":"CONTRACT_PRICE","priceProtect":false,"origType":"STOP","priceMatch":"NONE","selfTradePreventionMode":"EXPIRE_MAKER","goodTillDate":0,"updateTime":1771849042335}
2026-02-23 17:49:16,194 | INFO | Request: {'symbol': 'BTCUSDT', 'side': 'BUY', 'type': 'STOP', 'quantity': 0.002, 'price': 64000.0, 'stopPrice': 63500.0, 'timeInForce': 'GTC', 'timestamp': 1771849155010, 'recvWindow': 5000, 'signature': 'dd45025b20f92a3d99c717070ae124b5b4d0a084f109ea4d9f8a8848a3a3a05e'}
2026-02-23 17:49:16,194 | INFO | Response: {"code":-4120,"msg":"Order type not supported for this endpoint. Please use the Algo Order API endpoints instead."}
2026-02-23 17:49:16,195 | ERROR | API Error: 400 Client Error: Bad Request for url: https://testnet.binancefuture.com/fapi/v1/order?symbol=BTCUSDT&side=BUY&type=STOP&quantity=0.002&price=64000.0&stopPrice=63500.0&timeInForce=GTC&timestamp=1771849155010&recvWindow=5000&signature=dd45025b20f92a3d99c717070ae124b5b4d0a084f109ea4d9f8a8848a3a3a05e
